addr_server.c:
Warning   2: addr_server.c(72): sin redefinition hides earlier one
Warning  13: addr_server.c(144): argument sig unused in function sigpipe_handler
Warning 102: addr_server.c(602): struct/union iovec never defined
Warning 102: addr_server.c(602): struct/union protosw never defined
Warning 102: addr_server.c(602): struct/union mbuf never defined
Warning 102: addr_server.c(602): struct/union proc never defined
array.c:
Warning  91: array.c(75): possible pointer alignment problem
Warning  91: array.c(566): possible pointer alignment problem
Warning  91: array.c(582): possible pointer alignment problem
Warning   2: array.c(594): fp redefinition hides earlier one
Warning   2: array.c(657): res redefinition hides earlier one
Warning   2: array.c(666): res redefinition hides earlier one
Warning  91: array.c(1223): possible pointer alignment problem
Warning 101: array.c(31): static variable sort_array_cmp unused
Warning 102: array.c(1715): struct/union ed_buffer never defined
avltree.c:
Warning  91: avltree.c(116): possible pointer alignment problem
backend.c:
Warning 302: backend.c(202): bodyless for statement
Warning 102: backend.c(679): struct/union ed_buffer never defined
binaries.c:
bsdmalloc.c:
Error:bsdmalloc.c(153): using_bsd_malloc undefined
Warning   3: bsdmalloc.c(153): using_bsd_malloc set but not used in function malloc
Warning  91: bsdmalloc.c(264): possible pointer alignment problem
Warning  91: bsdmalloc.c(265): possible pointer alignment problem
Warning  91: bsdmalloc.c(277): possible pointer alignment problem
Warning  91: bsdmalloc.c(321): possible pointer alignment problem
buffer.c:
Warning 102: buffer.c(118): struct/union interactive never defined
Warning 101: buffer.c(6): static variable crctab unused
Warning 101: buffer.c(93): static variable cr3tab unused
call_out.c:
Warning  91: call_out.c(69): possible pointer alignment problem
Warning 302: call_out.c(320): bodyless for statement
Warning 102: call_out.c(366): struct/union interactive never defined
ccode.c:
Error:ccode.c(14): v undefined
Error:ccode.c(14): member of structure or union required
Error:ccode.c(14): expr undefined
Error:ccode.c(14): member of structure or union required
Warning  91: ccode.c(14): possible pointer alignment problem
Error:ccode.c(15): right undefined
Error:ccode.c(15): member of structure or union required
Warning  53: ccode.c(15): illegal combination of pointer and integer, op =
Warning  91: ccode.c(15): possible pointer alignment problem
Warning 104: ccode.c(11): structure parse_node never defined
Error:ccode.c(22): v undefined
Error:ccode.c(22): member of structure or union required
Error:ccode.c(22): expr undefined
Error:ccode.c(22): member of structure or union required
Warning  91: ccode.c(22): possible pointer alignment problem
Error:ccode.c(27): right undefined
Error:ccode.c(27): member of structure or union required
Warning  53: ccode.c(27): illegal combination of pointer and integer, op =
Warning  91: ccode.c(27): possible pointer alignment problem
Warning 104: ccode.c(19): structure parse_node never defined
Error:ccode.c(34): compilation_ident undefined
Warning   1: ccode.c(34): compilation_ident may be used before set
Error:ccode.c(40): i undefined
Error:ccode.c(40): mem_block undefined
Error:ccode.c(40): A_FUNCTIONS undefined
Error:ccode.c(40): illegal indirection
Error:ccode.c(40): current_size undefined
Error:ccode.c(40): member of structure or union required
Warning   1: ccode.c(40): A_FUNCTIONS may be used before set
Warning   1: ccode.c(40): mem_block may be used before set
Error:ccode.c(40): funp undefined
Error:ccode.c(40): illegal indirection
Error:ccode.c(41): illegal indirection
Error:ccode.c(41): block undefined
Error:ccode.c(41): member of structure or union required
Warning  53: ccode.c(41): illegal combination of pointer and integer, op =
Error:ccode.c(42): flags undefined
Error:ccode.c(42): member of structure or union required
Error:ccode.c(42): NAME_UNDEFINED undefined
Error:ccode.c(43): member of structure or union required
Error:ccode.c(43): NAME_INHERITED undefined
Warning   1: ccode.c(43): NAME_UNDEFINED may be used before set
Warning   1: ccode.c(43): NAME_INHERITED may be used before set
Error:ccode.c(45): name undefined
Error:ccode.c(45): member of structure or union required
Warning 104: ccode.c(41): structure function never defined
Error:ccode.c(52): A_PROGRAM undefined
Error:ccode.c(52): illegal indirection
Error:ccode.c(52): block undefined
Error:ccode.c(52): member of structure or union required
Error:ccode.c(52): illegal indirection
Error:ccode.c(52): member of structure or union required
Error:ccode.c(53): compilation_output_file undefined
Warning 138: ccode.c(53): argument type doesn't match prototype description
Warning 138: ccode.c(53): argument type doesn't match prototype description
Warning   1: ccode.c(53): compilation_output_file may be used before set
Warning   1: ccode.c(53): A_PROGRAM may be used before set
Error:ccode.c(61): v undefined
Error:ccode.c(61): member of structure or union required
Error:ccode.c(61): expr undefined
Error:ccode.c(61): member of structure or union required
Warning  91: ccode.c(61): possible pointer alignment problem
Error:ccode.c(63): right undefined
Error:ccode.c(63): member of structure or union required
Warning  53: ccode.c(63): illegal combination of pointer and integer, op =
Warning  91: ccode.c(63): possible pointer alignment problem
Warning 104: ccode.c(58): structure parse_node never defined
Error:ccode.c(70): right undefined
Error:ccode.c(70): member of structure or union required
Warning  53: ccode.c(70): illegal combination of pointer and integer, op =
Warning  91: ccode.c(70): possible pointer alignment problem
Error:ccode.c(71): left undefined
Error:ccode.c(71): member of structure or union required
Warning  91: ccode.c(71): possible pointer alignment problem
Warning   6: ccode.c(68): i unused in function generate_lvalue_list
Warning 104: ccode.c(67): structure parse_node never defined
Error:ccode.c(80): kind undefined
Error:ccode.c(80): member of structure or union required
Warning  91: ccode.c(80): possible pointer alignment problem
Error:ccode.c(81): F_CONST0 undefined
Error:ccode.c(81): constant expected
Error:ccode.c(81): non-constant case expression
Error:ccode.c(84): F_CONST1 undefined
Error:ccode.c(84): constant expected
Error:ccode.c(84): non-constant case expression
Error:ccode.c(87): F_POP_VALUE undefined
Error:ccode.c(87): constant expected
Error:ccode.c(87): non-constant case expression
Error:ccode.c(90): F_PRE_INC undefined
Error:ccode.c(90): constant expected
Error:ccode.c(90): non-constant case expression
Error:ccode.c(91): F_PRE_DEC undefined
Error:ccode.c(91): constant expected
Error:ccode.c(91): non-constant case expression
Error:ccode.c(92): F_INC undefined
Error:ccode.c(92): constant expected
Error:ccode.c(92): non-constant case expression
Error:ccode.c(93): F_DEC undefined
Error:ccode.c(93): constant expected
Error:ccode.c(93): non-constant case expression
Error:ccode.c(94): F_POST_INC undefined
Error:ccode.c(94): constant expected
Error:ccode.c(94): non-constant case expression
Error:ccode.c(95): F_POST_DEC undefined
Error:ccode.c(95): constant expected
Error:ccode.c(95): non-constant case expression
Error:ccode.c(96): F_NOT undefined
Error:ccode.c(96): constant expected
Error:ccode.c(96): non-constant case expression
Error:ccode.c(97): F_COMPL undefined
Error:ccode.c(97): constant expected
Error:ccode.c(97): non-constant case expression
Error:ccode.c(98): F_NEGATE undefined
Error:ccode.c(98): constant expected
Error:ccode.c(98): non-constant case expression
Error:ccode.c(99): right undefined
Error:ccode.c(99): member of structure or union required
Warning  91: ccode.c(99): possible pointer alignment problem
Error:ccode.c(100): member of structure or union required
Warning  91: ccode.c(100): possible pointer alignment problem
Error:ccode.c(102): F_INDEXED_LVALUE undefined
Error:ccode.c(102): constant expected
Error:ccode.c(102): non-constant case expression
Error:ccode.c(103): F_INDEX undefined
Error:ccode.c(103): constant expected
Error:ccode.c(103): non-constant case expression
Error:ccode.c(104): needs_comma undefined
Warning   1: ccode.c(104): needs_comma may be used before set
Error:ccode.c(121): regs_saved undefined
Error:ccode.c(121): registers_in_use undefined
Warning   1: ccode.c(121): registers_in_use may be used before set
Error:ccode.c(122): tmp undefined
Warning 138: ccode.c(122): argument type doesn't match prototype description
Warning   1: ccode.c(122): tmp may be used before set
Warning 138: ccode.c(127): argument type doesn't match prototype description
Error:ccode.c(133): F_OR undefined
Error:ccode.c(133): constant expected
Error:ccode.c(133): non-constant case expression
Error:ccode.c(134): F_XOR undefined
Error:ccode.c(134): constant expected
Error:ccode.c(134): non-constant case expression
Error:ccode.c(135): F_AND undefined
Error:ccode.c(135): constant expected
Error:ccode.c(135): non-constant case expression
Error:ccode.c(136): F_EQ undefined
Error:ccode.c(136): constant expected
Error:ccode.c(136): non-constant case expression
Error:ccode.c(137): F_NE undefined
Error:ccode.c(137): constant expected
Error:ccode.c(137): non-constant case expression
Error:ccode.c(138): F_GT undefined
Error:ccode.c(138): constant expected
Error:ccode.c(138): non-constant case expression
Error:ccode.c(139): F_GE undefined
Error:ccode.c(139): constant expected
Error:ccode.c(139): non-constant case expression
Error:ccode.c(140): F_LT undefined
Error:ccode.c(140): constant expected
Error:ccode.c(140): non-constant case expression
Error:ccode.c(141): F_LE undefined
Error:ccode.c(141): constant expected
Error:ccode.c(141): non-constant case expression
Error:ccode.c(142): F_LSH undefined
Error:ccode.c(142): constant expected
Error:ccode.c(142): non-constant case expression
Error:ccode.c(143): F_RSH undefined
Error:ccode.c(143): constant expected
Error:ccode.c(143): non-constant case expression
Error:ccode.c(144): F_ADD undefined
Error:ccode.c(144): constant expected
Error:ccode.c(144): non-constant case expression
Error:ccode.c(145): F_SUBTRACT undefined
Error:ccode.c(145): constant expected
Error:ccode.c(145): non-constant case expression
Error:ccode.c(146): F_MULTIPLY undefined
Error:ccode.c(146): constant expected
Error:ccode.c(146): non-constant case expression
Error:ccode.c(147): F_DIVIDE undefined
Error:ccode.c(147): constant expected
Error:ccode.c(147): non-constant case expression
Error:ccode.c(148): F_MOD undefined
Error:ccode.c(148): constant expected
Error:ccode.c(148): non-constant case expression
Error:ccode.c(149): left undefined
Error:ccode.c(149): member of structure or union required
Warning  91: ccode.c(149): possible pointer alignment problem
Error:ccode.c(150): member of structure or union required
Warning  91: ccode.c(150): possible pointer alignment problem
Error:ccode.c(151): member of structure or union required
Warning  91: ccode.c(151): possible pointer alignment problem
Error:ccode.c(153): F_ASSIGN undefined
Error:ccode.c(153): constant expected
Error:ccode.c(153): non-constant case expression
Error:ccode.c(154): F_VOID_ASSIGN undefined
Error:ccode.c(154): constant expected
Error:ccode.c(154): non-constant case expression
Error:ccode.c(155): F_VOID_ADD_EQ undefined
Error:ccode.c(155): constant expected
Error:ccode.c(155): non-constant case expression
Error:ccode.c(156): F_ADD_EQ undefined
Error:ccode.c(156): constant expected
Error:ccode.c(156): non-constant case expression
Error:ccode.c(157): F_AND_EQ undefined
Error:ccode.c(157): constant expected
Error:ccode.c(157): non-constant case expression
Error:ccode.c(158): F_OR_EQ undefined
Error:ccode.c(158): constant expected
Error:ccode.c(158): non-constant case expression
Error:ccode.c(159): F_XOR_EQ undefined
Error:ccode.c(159): constant expected
Error:ccode.c(159): non-constant case expression
Error:ccode.c(160): F_LSH_EQ undefined
Error:ccode.c(160): constant expected
Error:ccode.c(160): non-constant case expression
Error:ccode.c(161): F_RSH_EQ undefined
Error:ccode.c(161): constant expected
Error:ccode.c(161): non-constant case expression
Error:ccode.c(162): F_SUB_EQ undefined
Error:ccode.c(162): constant expected
Error:ccode.c(162): non-constant case expression
Error:ccode.c(163): F_MULT_EQ undefined
Error:ccode.c(163): constant expected
Error:ccode.c(163): non-constant case expression
Error:ccode.c(164): F_MOD_EQ undefined
Error:ccode.c(164): constant expected
Error:ccode.c(164): non-constant case expression
Error:ccode.c(165): F_DIV_EQ undefined
Error:ccode.c(165): constant expected
Error:ccode.c(165): non-constant case expression
Error:ccode.c(166): member of structure or union required
Warning  91: ccode.c(166): possible pointer alignment problem
Error:ccode.c(167): member of structure or union required
Warning  91: ccode.c(167): possible pointer alignment problem
Error:ccode.c(168): member of structure or union required
Warning  91: ccode.c(168): possible pointer alignment problem
Error:ccode.c(170): F_RANGE undefined
Error:ccode.c(170): constant expected
Error:ccode.c(170): non-constant case expression
Error:ccode.c(171): v undefined
Error:ccode.c(171): member of structure or union required
Error:ccode.c(171): expr undefined
Error:ccode.c(171): member of structure or union required
Warning  91: ccode.c(171): possible pointer alignment problem
Error:ccode.c(172): member of structure or union required
Warning  91: ccode.c(172): possible pointer alignment problem
Error:ccode.c(173): member of structure or union required
Warning  91: ccode.c(173): possible pointer alignment problem
Warning   1: ccode.c(174): F_RANGE may be used before set
Error:ccode.c(177): F_STRING undefined
Error:ccode.c(177): constant expected
Error:ccode.c(177): non-constant case expression
Error:ccode.c(178): member of structure or union required
Error:ccode.c(178): number undefined
Error:ccode.c(178): member of structure or union required
Warning  91: ccode.c(178): possible pointer alignment problem
Error:ccode.c(180): F_REAL undefined
Error:ccode.c(180): constant expected
Error:ccode.c(180): non-constant case expression
Error:ccode.c(181): illegal character: 044 (octal)
(ccom): ccode.c(181): 
	**** cannot recover from this error ****

cfuns.c:
cfuns_main.c:
cfuns_math.c:
cfuns_port.c:
cfuns_sock.c:
comm.c:
Warning   2: comm.c(167): sin redefinition hides earlier one
Warning  24: comm.c(328): constant in conditional context
Warning  91: comm.c(328): possible pointer alignment problem
Warning  13: comm.c(669): argument sig unused in function sigpipe_handler
Warning  13: comm.c(684): argument sig unused in function sigalrm_handler
Warning  91: comm.c(901): possible pointer alignment problem
Warning 100: comm.c(1124): statement not reached
Warning 100: comm.c(1133): statement not reached
Warning 100: comm.c(1214): statement not reached
Warning 302: comm.c(1904): bodyless for statement
Warning 302: comm.c(1936): bodyless for statement
Warning   2: comm.c(2152): fp redefinition hides earlier one
Warning 102: comm.c(2213): struct/union iovec never defined
Warning 102: comm.c(2213): struct/union protosw never defined
Warning 102: comm.c(2213): struct/union mbuf never defined
Warning 102: comm.c(2213): struct/union proc never defined
Warning 102: comm.c(2213): struct/union ed_buffer never defined
compile_file.c:
compiler.c:
cpp: error ./compiler.h:6: Can't find include file opcodes.h
cpp: error compiler.c:4: Can't find include file opcodes.h
Warning 183: lint.h(121): Previous declaration had prototype, this declaration does not
Warning 183: lint.h(133): Previous declaration had prototype, this declaration does not
Warning 183: lint.h(134): Previous declaration had prototype, this declaration does not
Warning  91: compiler.c(128): possible pointer alignment problem
Warning  91: compiler.c(130): possible pointer alignment problem
Warning  91: compiler.c(157): possible pointer alignment problem
Warning  91: compiler.c(168): possible pointer alignment problem
Warning  91: compiler.c(183): possible pointer alignment problem
Warning  91: compiler.c(204): possible pointer alignment problem
Warning  91: compiler.c(397): possible pointer alignment problem
Warning  91: compiler.c(421): possible pointer alignment problem
Warning  91: compiler.c(462): possible pointer alignment problem
Warning  91: compiler.c(539): possible pointer alignment problem
Warning  91: compiler.c(582): possible pointer alignment problem
Warning  91: compiler.c(589): possible pointer alignment problem
Warning  91: compiler.c(593): possible pointer alignment problem
Warning   2: compiler.c(605): type_name redefinition hides earlier one
Warning  91: compiler.c(656): possible pointer alignment problem
Warning  91: compiler.c(657): possible pointer alignment problem
Warning  91: compiler.c(665): possible pointer alignment problem
Warning  91: compiler.c(700): possible pointer alignment problem
Warning  91: compiler.c(701): possible pointer alignment problem
Warning  91: compiler.c(702): possible pointer alignment problem
Warning  91: compiler.c(718): possible pointer alignment problem
Warning  91: compiler.c(721): possible pointer alignment problem
Warning  91: compiler.c(722): possible pointer alignment problem
Warning  91: compiler.c(788): possible pointer alignment problem
Warning  91: compiler.c(793): possible pointer alignment problem
Warning  91: compiler.c(794): possible pointer alignment problem
Error:compiler.c(819): F_SIZEOF undefined
Error:compiler.c(819): constant expected
Error:compiler.c(819): non-constant case expression
Error:compiler.c(821): F_AGGREGATE undefined
Warning   1: compiler.c(821): F_AGGREGATE may be used before set
Error:compiler.c(823): F_NUMBER undefined
Warning   1: compiler.c(823): F_NUMBER may be used before set
Warning 302: compiler.c(870): bodyless for statement
Error:compiler.c(888): F_CONST0 undefined
Warning   1: compiler.c(888): F_CONST0 may be used before set
Warning   6: compiler.c(910): current_heap unused in function add_to_case_heap
Warning   6: compiler.c(909): parent unused in function add_to_case_heap
Warning   6: compiler.c(909): offset unused in function add_to_case_heap
Warning   6: compiler.c(908): heap_start unused in function add_to_case_heap
Warning  13: compiler.c(906): argument line unused in function add_to_case_heap
Warning  13: compiler.c(906): argument block unused in function add_to_case_heap
Warning  13: compiler.c(906): argument pn unused in function add_to_case_heap
Error:compiler.c(933): redeclaration of yyerror
Error:compiler.c(1000): redeclaration of epilog
Error:compiler.c(1023): F_RETURN undefined
Warning   1: compiler.c(1023): F_RETURN may be used before set
Error:compiler.c(1024): F_CONST0 undefined
Warning   1: compiler.c(1024): F_CONST0 may be used before set
Warning  91: compiler.c(1046): possible pointer alignment problem
Warning  91: compiler.c(1067): possible pointer alignment problem
Warning  91: compiler.c(1079): possible pointer alignment problem
Warning  91: compiler.c(1094): possible pointer alignment problem
Warning  91: compiler.c(1106): possible pointer alignment problem
Warning  91: compiler.c(1114): possible pointer alignment problem
Warning  91: compiler.c(1127): possible pointer alignment problem
Error:compiler.c(1170): redeclaration of prolog
Error:compiler.c(1200): redeclaration of clean_parser
Warning  91: compiler.c(1210): possible pointer alignment problem
Error:compiler.c(1272): redeclaration of pop_include
Warning 101: compiler.c(167): static variable insert_in_mem_block unused
Warning 102: compiler.c(1278): struct/union buffer never defined
Warning 102: compiler.c(1278): struct/union interactive never defined
crc32.c:
Warning 101: crc32.c(6): static variable crctab unused
debugmalloc.c:
Error:debugmalloc.c(42): node_t undefined
debugmalloc.c(42): syntax error
Warning   1: debugmalloc.c(43): tmp may be used before set
debugmalloc.c(46): syntax error
Warning  13: debugmalloc.c(36): argument ptr unused in function debugrealloc
Error:debugmalloc.c(56): node_t undefined
debugmalloc.c(59): syntax error
Error:debugmalloc.c(67): node_t undefined
debugmalloc.c(70): syntax error
Error:debugmalloc.c(79): node_t undefined
debugmalloc.c(79): syntax error
Warning   1: debugmalloc.c(80): tmp may be used before set
Warning  13: debugmalloc.c(73): argument ptr unused in function debugfree
Error:debugmalloc.c(91): total_malloced undefined
Warning   1: debugmalloc.c(91): total_malloced may be used before set
Error:debugmalloc.c(92): hiwater undefined
Warning   1: debugmalloc.c(92): hiwater may be used before set
Error:debugmalloc.c(94): TABLESIZE undefined
Error:debugmalloc.c(94): node_t undefined
debugmalloc.c(94): syntax error
disassembler.c:
Warning 102: disassembler.c(489): struct/union object never defined
Warning 101: disassembler.c(7): static variable ob unused
dumpstat.c:
Warning  13: dumpstat.c(11): argument m unused in function sumSizes
Warning 307: dumpstat.c(112): fprintf: (unsigned long) format, (unsigned) arg (arg 4)
Warning 102: dumpstat.c(117): struct/union interactive never defined
ed.c:
Warning 101: ed.c(49): static variable version unused
efuns_main.c:
Warning 102: efuns_main.c(3309): struct/union object never defined
Warning 101: efuns_main.c(12): static variable ob unused
efuns_port.c:
eoperators.c:
Warning   2: eoperators.c(337): fp redefinition hides earlier one
Warning   3: eoperators.c(835): save_csp set but not used in function call_simul_efun
Warning   3: eoperators.c(801): arg set but not used in function call_simul_efun
Warning   2: eoperators.c(878): fp redefinition hides earlier one
Warning   2: eoperators.c(914): fp redefinition hides earlier one
Warning   2: eoperators.c(935): fp redefinition hides earlier one
Warning   2: eoperators.c(956): fp redefinition hides earlier one
Warning   2: eoperators.c(975): fp redefinition hides earlier one
Warning   2: eoperators.c(1005): fp redefinition hides earlier one
Warning   2: eoperators.c(1013): fp redefinition hides earlier one
Warning   2: eoperators.c(1022): fp redefinition hides earlier one
Warning   2: eoperators.c(1043): fp redefinition hides earlier one
Warning   3: eoperators.c(1053): i set but not used in function f_function_constructor
Warning  13: eoperators.c(1109): argument instruction unused in function f_evaluate
Warning   2: eoperators.c(1155): fp redefinition hides earlier one
Warning 102: eoperators.c(1213): struct/union interactive never defined
file.c:
Warning   2: file.c(581): fp redefinition hides earlier one
Warning   2: file.c(645): fp redefinition hides earlier one
Warning 101: file.c(28): static variable strip_trailing_slashes unused
Warning 101: file.c(29): static variable copy unused
Warning 101: file.c(839): static variable to_stats unused
Warning 102: file.c(1165): struct/union interactive never defined
func_spec.c:
op_spec.c(6): syntax error
op_spec.c(10): syntax error
op_spec.c(11): syntax error
op_spec.c(12): syntax error
op_spec.c(18): syntax error
op_spec.c(20): syntax error
op_spec.c(26): syntax error
op_spec.c(27): syntax error
op_spec.c(29): syntax error
op_spec.c(31): syntax error
op_spec.c(35): syntax error
op_spec.c(37): syntax error
op_spec.c(38): syntax error
op_spec.c(39): syntax error
op_spec.c(42): syntax error
op_spec.c(43): syntax error
op_spec.c(44): syntax error
op_spec.c(45): syntax error
op_spec.c(46): syntax error
op_spec.c(48): syntax error
op_spec.c(49): syntax error
op_spec.c(50): syntax error
op_spec.c(51): syntax error
op_spec.c(53): syntax error
op_spec.c(55): syntax error
Warning   2: func_spec.c(34): object redefinition hides earlier one
func_spec.c(34): syntax error
Error:func_spec.c(34): Function declarator looks like function call
func_spec.c(35): syntax error
func_spec.c(38): syntax error
Warning   2: func_spec.c(39): object redefinition hides earlier one
Error:func_spec.c(39): Function declarator looks like function call
func_spec.c(40): syntax error
Warning   2: func_spec.c(48): string redefinition hides earlier one
func_spec.c(48): syntax error
Error:func_spec.c(48): Function declarator looks like function call
Warning   2: func_spec.c(49): mixed redefinition hides earlier one
Warning   2: func_spec.c(49): string redefinition hides earlier one
func_spec.c(49): syntax error
Error:func_spec.c(49): Function declarator looks like function call
Warning   2: func_spec.c(50): string redefinition hides earlier one
func_spec.c(50): syntax error
Error:func_spec.c(50): Function declarator looks like function call
Warning   2: func_spec.c(51): string redefinition hides earlier one
func_spec.c(51): syntax error
Error:func_spec.c(51): Function declarator looks like function call
Warning   2: func_spec.c(53): string redefinition hides earlier one
Error:func_spec.c(53): redeclaration of formal parameter, string
Warning   2: func_spec.c(53): string redefinition hides earlier one
func_spec.c(53): syntax error
Error:func_spec.c(53): Function declarator looks like function call
func_spec.c(54): syntax error
Warning   2: func_spec.c(56): string redefinition hides earlier one
func_spec.c(56): syntax error
Error:func_spec.c(56): Function declarator looks like function call
func_spec.c(57): syntax error
func_spec.c(57): syntax error
Warning   2: func_spec.c(58): string redefinition hides earlier one
func_spec.c(58): syntax error
Error:func_spec.c(58): Function declarator looks like function call
Warning   2: func_spec.c(59): string redefinition hides earlier one
func_spec.c(59): syntax error
Error:func_spec.c(59): Function declarator looks like function call
func_spec.c(60): syntax error
Warning   2: func_spec.c(64): string redefinition hides earlier one
Error:func_spec.c(64): redeclaration of formal parameter, string
Warning   2: func_spec.c(64): string redefinition hides earlier one
func_spec.c(64): syntax error
Error:func_spec.c(64): Function declarator looks like function call
Warning   2: func_spec.c(68): mixed redefinition hides earlier one
Error:func_spec.c(68): Function declarator looks like function call
Warning   2: func_spec.c(69): object redefinition hides earlier one
Warning   2: func_spec.c(69): string redefinition hides earlier one
Error:func_spec.c(69): Function declarator looks like function call
Warning   2: func_spec.c(70): string redefinition hides earlier one
func_spec.c(70): syntax error
Error:func_spec.c(70): Function declarator looks like function call
Warning   2: func_spec.c(71): string redefinition hides earlier one
Error:func_spec.c(71): Function declarator looks like function call
Warning   2: func_spec.c(72): string redefinition hides earlier one
Error:func_spec.c(72): Function declarator looks like function call
Warning   2: func_spec.c(73): object redefinition hides earlier one
func_spec.c(73): syntax error
Warning   2: func_spec.c(73): string redefinition hides earlier one
Error:func_spec.c(73): Function declarator looks like function call
Warning   2: func_spec.c(74): mixed redefinition hides earlier one
Warning   2: func_spec.c(74): string redefinition hides earlier one
Error:func_spec.c(74): redeclaration of formal parameter, string
Warning   2: func_spec.c(74): string redefinition hides earlier one
func_spec.c(74): syntax error
Error:func_spec.c(75): Function declarator looks like function call
func_spec.c(79): syntax error
Warning   2: func_spec.c(83): string redefinition hides earlier one
Error:func_spec.c(83): Function declarator looks like function call
func_spec.c(87): syntax error
Warning   2: func_spec.c(88): mapping redefinition hides earlier one
Warning   2: func_spec.c(88): mixed redefinition hides earlier one
Error:func_spec.c(88): Function declarator looks like function call
func_spec.c(89): syntax error
Warning   2: func_spec.c(99): mixed redefinition hides earlier one
func_spec.c(99): syntax error
Error:func_spec.c(99): Function declarator looks like function call
Warning   2: func_spec.c(100): mixed redefinition hides earlier one
Error:func_spec.c(100): Function declarator looks like function call
Warning   2: func_spec.c(101): mixed redefinition hides earlier one
Error:func_spec.c(101): Function declarator looks like function call
Warning   2: func_spec.c(102): mixed redefinition hides earlier one
Error:func_spec.c(102): Function declarator looks like function call
Warning   2: func_spec.c(103): mixed redefinition hides earlier one
Error:func_spec.c(103): Function declarator looks like function call
Warning   2: func_spec.c(104): mixed redefinition hides earlier one
Error:func_spec.c(104): Function declarator looks like function call
Warning   2: func_spec.c(105): object redefinition hides earlier one
Error:func_spec.c(105): Function declarator looks like function call
Warning   2: func_spec.c(106): mixed redefinition hides earlier one
Error:func_spec.c(106): Function declarator looks like function call
Warning   2: func_spec.c(107): mixed redefinition hides earlier one
Error:func_spec.c(107): Function declarator looks like function call
func_spec.c(108): syntax error
Warning   2: func_spec.c(109): mixed redefinition hides earlier one
Error:func_spec.c(109): Function declarator looks like function call
Warning   2: func_spec.c(110): mixed redefinition hides earlier one
Error:func_spec.c(110): Function declarator looks like function call
Warning   2: func_spec.c(113): mixed redefinition hides earlier one
Error:func_spec.c(113): Function declarator looks like function call
Warning   2: func_spec.c(116): string redefinition hides earlier one
Warning   2: func_spec.c(116): object redefinition hides earlier one
Error:func_spec.c(116): Function declarator looks like function call
Warning   2: func_spec.c(117): string redefinition hides earlier one
Error:func_spec.c(117): Function declarator looks like function call
func_spec.c(120): syntax error
Warning   2: func_spec.c(128): string redefinition hides earlier one
func_spec.c(128): syntax error
Error:func_spec.c(128): Function declarator looks like function call
Warning   2: func_spec.c(129): string redefinition hides earlier one
func_spec.c(129): syntax error
Error:func_spec.c(129): Function declarator looks like function call
func_spec.c(131): syntax error
Warning   2: func_spec.c(134): string redefinition hides earlier one
func_spec.c(134): syntax error
Error:func_spec.c(134): Function declarator looks like function call
func_spec.c(139): syntax error
Warning   2: func_spec.c(141): string redefinition hides earlier one
Error:func_spec.c(141): redeclaration of formal parameter, string
Warning   2: func_spec.c(141): string redefinition hides earlier one
func_spec.c(141): syntax error
Error:func_spec.c(141): Function declarator looks like function call
Warning   2: func_spec.c(142): string redefinition hides earlier one
Error:func_spec.c(142): redeclaration of formal parameter, string
Warning   2: func_spec.c(142): string redefinition hides earlier one
Error:func_spec.c(142): Function declarator looks like function call
Warning   2: func_spec.c(143): string redefinition hides earlier one
func_spec.c(143): syntax error
Error:func_spec.c(143): redeclaration of formal parameter, string
Warning   2: func_spec.c(143): string redefinition hides earlier one
Error:func_spec.c(143): Function declarator looks like function call
Warning   2: func_spec.c(146): string redefinition hides earlier one
func_spec.c(146): syntax error
Error:func_spec.c(146): redeclaration of formal parameter, string
Warning   2: func_spec.c(146): string redefinition hides earlier one
Error:func_spec.c(146): Function declarator looks like function call
Warning   2: func_spec.c(148): string redefinition hides earlier one
Error:func_spec.c(148): Function declarator looks like function call
func_spec.c(149): syntax error
Warning   2: func_spec.c(151): string redefinition hides earlier one
Error:func_spec.c(151): redeclaration of formal parameter, string
Warning   2: func_spec.c(151): string redefinition hides earlier one
Error:func_spec.c(151): Function declarator looks like function call
Warning   2: func_spec.c(154): string redefinition hides earlier one
Error:func_spec.c(154): redeclaration of formal parameter, string
Warning   2: func_spec.c(154): string redefinition hides earlier one
Error:func_spec.c(154): Function declarator looks like function call
Warning   2: func_spec.c(156): string redefinition hides earlier one
Error:func_spec.c(156): Function declarator looks like function call
Warning   2: func_spec.c(157): string redefinition hides earlier one
Error:func_spec.c(157): Function declarator looks like function call
Warning   2: func_spec.c(158): string redefinition hides earlier one
Error:func_spec.c(158): Function declarator looks like function call
func_spec.c(162): syntax error
Warning   2: func_spec.c(163): string redefinition hides earlier one
func_spec.c(163): syntax error
Error:func_spec.c(163): Function declarator looks like function call
func_spec.c(164): syntax error
Warning   2: func_spec.c(170): object redefinition hides earlier one
Error:func_spec.c(170): redeclaration of formal parameter, object
Warning   2: func_spec.c(170): object redefinition hides earlier one
Error:func_spec.c(170): Function declarator looks like function call
func_spec.c(171): syntax error
Warning   2: func_spec.c(180): object redefinition hides earlier one
Error:func_spec.c(180): Function declarator looks like function call
func_spec.c(181): syntax error
Warning   2: func_spec.c(185): string redefinition hides earlier one
Error:func_spec.c(185): Function declarator looks like function call
Warning   2: func_spec.c(187): object redefinition hides earlier one
func_spec.c(187): syntax error
Error:func_spec.c(187): Function declarator looks like function call
Warning   2: func_spec.c(194): string redefinition hides earlier one
Error:func_spec.c(194): Function declarator looks like function call
Warning   2: func_spec.c(195): object redefinition hides earlier one
func_spec.c(195): syntax error
Error:func_spec.c(195): Function declarator looks like function call
func_spec.c(198): syntax error
Warning   2: func_spec.c(203): string redefinition hides earlier one
Error:func_spec.c(203): Function declarator looks like function call
Warning   2: func_spec.c(204): mixed redefinition hides earlier one
Error:func_spec.c(204): Function declarator looks like function call
func_spec.c(206): syntax error
Warning   2: func_spec.c(209): string redefinition hides earlier one
func_spec.c(209): syntax error
Error:func_spec.c(209): Function declarator looks like function call
func_spec.c(210): syntax error
Warning   2: func_spec.c(211): mixed redefinition hides earlier one
Error:func_spec.c(211): Function declarator looks like function call
func_spec.c(212): syntax error
Warning   2: func_spec.c(213): string redefinition hides earlier one
Error:func_spec.c(213): redeclaration of formal parameter, string
Warning   2: func_spec.c(213): string redefinition hides earlier one
Error:func_spec.c(213): Function declarator looks like function call
Warning   2: func_spec.c(218): object redefinition hides earlier one
Error:func_spec.c(218): Function declarator looks like function call
Warning   2: func_spec.c(219): object redefinition hides earlier one
func_spec.c(219): syntax error
Error:func_spec.c(219): Function declarator looks like function call
func_spec.c(220): syntax error
Warning   2: func_spec.c(221): object redefinition hides earlier one
func_spec.c(221): syntax error
Error:func_spec.c(221): Function declarator looks like function call
func_spec.c(222): syntax error
Warning   2: func_spec.c(225): object redefinition hides earlier one
Error:func_spec.c(225): Function declarator looks like function call
Warning   2: func_spec.c(226): object redefinition hides earlier one
Error:func_spec.c(226): Function declarator looks like function call
func_spec.c(228): syntax error
Warning   2: mudlib_stats.spec(4): string redefinition hides earlier one
Error:mudlib_stats.spec(4): Function declarator looks like function call
mudlib_stats.spec(5): syntax error
Warning   2: func_spec.c(236): object redefinition hides earlier one
func_spec.c(236): syntax error
Error:func_spec.c(236): Function declarator looks like function call
func_spec.c(237): syntax error
Warning   2: uids.spec(3): object redefinition hides earlier one
Error:uids.spec(3): Function declarator looks like function call
uids.spec(4): syntax error
Warning   2: uids.spec(6): string redefinition hides earlier one
uids.spec(6): syntax error
Error:uids.spec(6): Function declarator looks like function call
Warning   2: func_spec.c(250): string redefinition hides earlier one
func_spec.c(250): syntax error
Error:func_spec.c(250): Function declarator looks like function call
func_spec.c(251): syntax error
Warning   2: func_spec.c(253): object redefinition hides earlier one
Error:func_spec.c(253): Function declarator looks like function call
Warning   2: func_spec.c(259): string redefinition hides earlier one
Error:func_spec.c(259): Function declarator looks like function call
Warning   2: func_spec.c(260): mixed redefinition hides earlier one
Error:func_spec.c(260): Function declarator looks like function call
Warning   2: func_spec.c(262): string redefinition hides earlier one
Error:func_spec.c(262): redeclaration of formal parameter, string
Warning   2: func_spec.c(262): string redefinition hides earlier one
Error:func_spec.c(262): Function declarator looks like function call
func_spec.c(265): syntax error
Warning   2: func_spec.c(268): string redefinition hides earlier one
func_spec.c(268): syntax error
Error:func_spec.c(268): redeclaration of formal parameter, string
Warning   2: func_spec.c(268): string redefinition hides earlier one
Error:func_spec.c(268): redeclaration of formal parameter, string
Warning   2: func_spec.c(268): string redefinition hides earlier one
Error:func_spec.c(268): Function declarator looks like function call
func_spec.c(282): syntax error
func_spec.c(300): syntax error
Error:func_spec.c(300): Bad prototype declaration
Warning   2: func_spec.c(301): string redefinition hides earlier one
func_spec.c(301): syntax error
Error:func_spec.c(301): Function declarator looks like function call
func_spec.c(304): syntax error
Error:func_spec.c(318): void type for reset_eval_cost
Error:func_spec.c(318): unknown size: void has no size.
func_spec.c(318): syntax error
func_spec.c(319): syntax error
func_spec.c(320): syntax error
Warning   2: develop.spec(4): mixed redefinition hides earlier one
Error:develop.spec(4): Function declarator looks like function call
Warning   2: develop.spec(9): object redefinition hides earlier one
develop.spec(9): syntax error
Error:develop.spec(9): Function declarator looks like function call
Warning   2: func_spec.c(358): string redefinition hides earlier one
Error:func_spec.c(358): redeclaration of formal parameter, string
Warning   2: func_spec.c(358): string redefinition hides earlier one
Error:func_spec.c(358): Function declarator looks like function call
func_spec.c(361): syntax error
Error:func_spec.c(361): Bad prototype declaration
functab_tree.c:
Warning 100: functab_tree.c(105): statement not reached
generate.c:
Warning 183: lint.h(121): Previous declaration had prototype, this declaration does not
Warning 183: lint.h(133): Previous declaration had prototype, this declaration does not
Warning 183: lint.h(134): Previous declaration had prototype, this declaration does not
Warning  24: generate.c(135): constant in conditional context
Warning  43: generate.c(165): function generate has return(e); and return;
Error:generate.c(206): i_ undefined
generate.c(206): syntax error
Warning  13: generate.c(206): argument num unused in function generate_function_call
Warning  13: generate.c(206): argument f unused in function generate_function_call
Error:generate.c(208): i_ undefined
generate.c(208): syntax error
Error:generate.c(210): i_ undefined
generate.c(210): syntax error
Warning  13: generate.c(210): argument b unused in function branch_backwards
Error:generate.c(212): i_ undefined
generate.c(212): syntax error
Error:generate.c(214): i_ undefined
generate.c(214): syntax error
Warning  13: generate.c(214): argument flag unused in function generate_final_program
Error:generate.c(216): i_ undefined
generate.c(216): syntax error
Warning 101: generate.c(166): static variable add_to_mem_block unused
Warning 101: generate.c(167): static variable insert_in_mem_block unused
Warning 101: generate.c(168): static variable allocate_in_mem_block unused
hash.c:
icode.c:
Warning 183: lint.h(121): Previous declaration had prototype, this declaration does not
Warning 183: lint.h(133): Previous declaration had prototype, this declaration does not
Warning 183: lint.h(134): Previous declaration had prototype, this declaration does not
Warning  13: icode.c(493): argument num unused in function i_generate_function_call
Warning 101: icode.c(167): static variable insert_in_mem_block unused
Warning 101: icode.c(168): static variable allocate_in_mem_block unused
interface.c:
cpp: error interface.c:2: Can't find include file efuns.h
interpret.c:
Warning 307: interpret.c(660): sprintf: (char *) format, (int) arg (arg 4)
Warning  91: interpret.c(1254): possible pointer alignment problem
Warning   2: interpret.c(1503): offset redefinition hides earlier one
Warning  91: interpret.c(1783): possible pointer alignment problem
Warning  91: interpret.c(1800): possible pointer alignment problem
Warning  91: interpret.c(1801): possible pointer alignment problem
Warning  91: interpret.c(1832): possible pointer alignment problem
Warning  91: interpret.c(1857): possible pointer alignment problem
Warning  91: interpret.c(1899): possible pointer alignment problem
Warning  91: interpret.c(1979): possible pointer alignment problem
Warning  91: interpret.c(1989): possible pointer alignment problem
Warning   2: interpret.c(2093): i redefinition hides earlier one
Warning  91: interpret.c(2452): possible pointer alignment problem
Warning   2: interpret.c(2891): pc redefinition hides earlier one
Warning  13: interpret.c(3592): argument how unused in function dump_trace
Warning  43: interpret.c(4107): function reset_machine has return(e); and return;
Warning 102: interpret.c(4419): struct/union interactive never defined
lex.c:
Warning 183: lint.h(121): Previous declaration had prototype, this declaration does not
Warning 183: lint.h(133): Previous declaration had prototype, this declaration does not
Warning 183: lint.h(134): Previous declaration had prototype, this declaration does not
Warning 302: lex.c(245): bodyless for statement
Warning  91: lex.c(359): possible pointer alignment problem
Warning 302: lex.c(424): bodyless for statement
Warning  91: lex.c(438): possible pointer alignment problem
Warning   2: lex.c(805): sp redefinition hides earlier one
Warning   2: lex.c(1095): sp redefinition hides earlier one
Warning  91: lex.c(2059): possible pointer alignment problem
Warning  91: lex.c(2561): possible pointer alignment problem
Warning   6: lex.c(2774): nihe unused in function free_unused_identifiers
Warning   6: lex.c(2774): pre unused in function free_unused_identifiers
Warning   6: lex.c(2774): ihe unused in function free_unused_identifiers
Warning 102: lex.c(2928): struct/union buffer never defined
Warning 102: lex.c(2928): struct/union object never defined
Warning 102: lex.c(2928): struct/union mapping never defined
Warning 101: lex.c(166): static variable add_to_mem_block unused
Warning 101: lex.c(167): static variable insert_in_mem_block unused
Warning 101: lex.c(168): static variable allocate_in_mem_block unused
main.c:
Warning 183: main.c(130): Previous declaration had prototype, this declaration does not
Warning   2: main.c(133): predefs redefinition hides earlier one
Warning  24: main.c(195): constant in conditional context
Warning  24: main.c(195): constant in conditional context
Warning  24: main.c(195): constant in conditional context
Warning  24: main.c(196): constant in conditional context
Warning  24: main.c(196): constant in conditional context
Warning  24: main.c(196): constant in conditional context
Warning  24: main.c(196): constant in conditional context
Warning  24: main.c(197): constant in conditional context
Warning  24: main.c(197): constant in conditional context
Warning  24: main.c(197): constant in conditional context
Warning  24: main.c(197): constant in conditional context
Warning  24: main.c(197): constant in conditional context
Warning   2: main.c(496): fp redefinition hides earlier one
Warning  24: main.c(528): constant in conditional context
Warning  91: main.c(528): possible pointer alignment problem
Warning  13: main.c(611): argument sig unused in function sig_usr1
Warning  13: main.c(632): argument sig unused in function sig_term
Warning  13: main.c(641): argument sig unused in function sig_int
Warning  13: main.c(652): argument sig unused in function sig_segv
Warning  13: main.c(662): argument sig unused in function sig_bus
Warning  13: main.c(671): argument sig unused in function sig_ill
Warning  13: main.c(680): argument sig unused in function sig_hup
Warning  13: main.c(689): argument sig unused in function sig_abrt
Warning  13: main.c(698): argument sig unused in function sig_iot
Error:main.c(712): redeclaration of crash_MudOS
Warning 102: main.c(794): struct/union instr never defined
Warning 102: main.c(794): struct/union interactive never defined
Warning 102: main.c(794): struct/union buffer never defined
make_malloc.c:
mapping.c:
Warning  91: mapping.c(177): possible pointer alignment problem
Warning  91: mapping.c(194): possible pointer alignment problem
Warning  91: mapping.c(232): possible pointer alignment problem
Warning  91: mapping.c(238): possible pointer alignment problem
Warning  91: mapping.c(267): possible pointer alignment problem
Warning  91: mapping.c(534): possible pointer alignment problem
Warning   2: mapping.c(552): sp redefinition hides earlier one
Warning  91: mapping.c(604): possible pointer alignment problem
Warning  91: mapping.c(693): possible pointer alignment problem
Warning  91: mapping.c(771): possible pointer alignment problem
Warning   2: mapping.c(835): fp redefinition hides earlier one
Warning  43: mapping.c(927): function compose_mapping has return(e); and return;
Warning 102: mapping.c(1093): struct/union interactive never defined
md.c:
mudlib_stats.c:
object.c:
Warning  91: object.c(249): possible pointer alignment problem
Warning  91: object.c(271): possible pointer alignment problem
Warning  91: object.c(684): possible pointer alignment problem
Warning   2: object.c(751): error redefinition hides earlier one
Error:object.c(926): no automatic aggregate initialization
Warning 307: object.c(1353): printf: (int) format, (unsigned) arg (arg 3)
Warning  91: object.c(1414): possible pointer alignment problem
Warning 102: object.c(1754): struct/union interactive never defined
op_spec.c:
op_spec.c(6): syntax error
op_spec.c(10): syntax error
op_spec.c(11): syntax error
op_spec.c(12): syntax error
op_spec.c(18): syntax error
op_spec.c(20): syntax error
op_spec.c(26): syntax error
op_spec.c(27): syntax error
op_spec.c(29): syntax error
op_spec.c(31): syntax error
op_spec.c(35): syntax error
op_spec.c(37): syntax error
op_spec.c(38): syntax error
op_spec.c(39): syntax error
op_spec.c(42): syntax error
op_spec.c(43): syntax error
op_spec.c(44): syntax error
op_spec.c(45): syntax error
op_spec.c(46): syntax error
op_spec.c(48): syntax error
op_spec.c(49): syntax error
op_spec.c(50): syntax error
op_spec.c(51): syntax error
op_spec.c(53): syntax error
op_spec.c(55): syntax error
option_defs.c:
option_defs.c(1): syntax error
otable.c:
Warning  91: otable.c(39): possible pointer alignment problem
Warning 102: otable.c(180): struct/union interactive never defined
Warning 102: otable.c(180): struct/union sentence never defined
Warning 102: otable.c(180): struct/union buffer never defined
parse.c:
Warning   2: parse.c(658): sp redefinition hides earlier one
Warning   2: parse.c(714): sp redefinition hides earlier one
Warning  13: parse.c(920): argument obvec unused in function number_parse
Warning   3: parse.c(1339): p2 set but not used in function find_string
Warning   2: parse.c(1491): sp redefinition hides earlier one
Warning   3: parse.c(1636): p1 set but not used in function process_string
Warning 102: parse.c(1902): struct/union interactive never defined
port.c:
program.c:
qsort.c:
rc.c:
Warning 302: rc.c(147): bodyless for statement
Warning 102: rc.c(251): struct/union program never defined
Warning 102: rc.c(251): struct/union function never defined
Warning 102: rc.c(251): struct/union fake_func never defined
Warning 102: rc.c(251): struct/union fake_prog never defined
Warning 102: rc.c(251): struct/union buffer never defined
Warning 102: rc.c(251): struct/union object never defined
Warning 102: rc.c(251): struct/union mapping never defined
reclaim.c:
Warning  13: reclaim.c(60): argument m unused in function gcOne
Warning 102: reclaim.c(96): struct/union interactive never defined
regexp.c:
Warning   2: regexp.c(248): exp redefinition hides earlier one
Warning  91: regexp.c(263): possible pointer alignment problem
Warning  91: regexp.c(327): possible pointer alignment problem
Warning 100: regexp.c(622): statement not reached
Warning 100: regexp.c(625): statement not reached
Warning 100: regexp.c(628): statement not reached
Warning 100: regexp.c(631): statement not reached
Warning 302: regexp.c(638): bodyless for statement
Warning 100: regexp.c(980): statement not reached
Warning 100: regexp.c(1007): statement not reached
Warning 100: regexp.c(1054): statement not reached
Warning 100: regexp.c(1057): statement not reached
Warning 100: regexp.c(1061): statement not reached
replace_program.c:
Warning 102: replace_program.c(213): struct/union interactive never defined
scratchpad.c:
Warning  91: scratchpad.c(145): possible pointer alignment problem
Warning  91: scratchpad.c(193): possible pointer alignment problem
simul_efun.c:
Warning 102: simul_efun.c(188): struct/union instr never defined
Warning 102: simul_efun.c(188): struct/union object never defined
simulate.c:
Warning 183: lint.h(121): Previous declaration had prototype, this declaration does not
Warning 183: lint.h(133): Previous declaration had prototype, this declaration does not
Warning 183: lint.h(134): Previous declaration had prototype, this declaration does not
Warning 302: simulate.c(902): bodyless for statement
Warning   3: simulate.c(949): retv set but not used in function destruct_object_two
Warning  91: simulate.c(1617): possible pointer alignment problem
Warning  24: simulate.c(1929): constant in conditional context
Warning  91: simulate.c(1929): possible pointer alignment problem
Warning  24: simulate.c(1959): constant in conditional context
Warning  91: simulate.c(1959): possible pointer alignment problem
Warning  24: simulate.c(2216): constant in conditional context
Warning  91: simulate.c(2216): possible pointer alignment problem
Warning  13: simulate.c(2231): argument sig unused in function startshutdownMudOS
Warning 101: simulate.c(166): static variable add_to_mem_block unused
Warning 101: simulate.c(167): static variable insert_in_mem_block unused
Warning 101: simulate.c(168): static variable allocate_in_mem_block unused
Warning 102: simulate.c(2419): struct/union ed_buffer never defined
Warning 101: simulate.c(63): static variable move_or_destruct unused
smalloc.c:
Error:smalloc.c(138): using_smalloc undefined
Warning  91: smalloc.c(152): possible pointer alignment problem
Warning  91: smalloc.c(153): possible pointer alignment problem
Warning  91: smalloc.c(154): possible pointer alignment problem
Warning  91: smalloc.c(154): possible pointer alignment problem
Warning  91: smalloc.c(155): possible pointer alignment problem
Warning  91: smalloc.c(155): possible pointer alignment problem
Warning  91: smalloc.c(157): possible pointer alignment problem
Warning  91: smalloc.c(161): possible pointer alignment problem
Warning  91: smalloc.c(172): possible pointer alignment problem
Warning  91: smalloc.c(173): possible pointer alignment problem
Warning  91: smalloc.c(177): possible pointer alignment problem
Warning 206: smalloc.c(185): bodyless else
Warning   3: smalloc.c(138): using_smalloc set but not used in function malloc
Warning 302: smalloc.c(373): bodyless for statement
Warning  91: smalloc.c(1236): possible pointer alignment problem
Warning  91: smalloc.c(1242): possible pointer alignment problem
Warning 205: smalloc.c(1288): bodyless if
Warning 206: smalloc.c(1290): bodyless else
Warning  91: smalloc.c(1321): possible pointer alignment problem
Warning 101: smalloc.c(110): static variable show_block unused
Warning 101: smalloc.c(116): static variable resort_free_list unused
Warning 101: smalloc.c(117): static variable walk_new_small_malloced unused
Warning 101: smalloc.c(108): static variable malloc_size_mask unused
Warning 101: smalloc.c(109): static variable malloced_size unused
socket_ctrl.c:
Warning 102: socket_ctrl.c(83): struct/union iovec never defined
Warning 102: socket_ctrl.c(83): struct/union protosw never defined
Warning 102: socket_ctrl.c(83): struct/union mbuf never defined
Warning 102: socket_ctrl.c(83): struct/union proc never defined
socket_efuns.c:
Warning   2: socket_efuns.c(177): sin redefinition hides earlier one
Warning   2: socket_efuns.c(256): sin redefinition hides earlier one
Warning   3: socket_efuns.c(302): nb set but not used in function socket_accept
Warning   2: socket_efuns.c(428): sin redefinition hides earlier one
Warning  91: socket_efuns.c(468): possible pointer alignment problem
Warning   2: socket_efuns.c(589): sin redefinition hides earlier one
Warning   2: socket_efuns.c(897): error redefinition hides earlier one
Warning   2: socket_efuns.c(951): sin redefinition hides earlier one
Warning   2: socket_efuns.c(996): sin redefinition hides earlier one
Warning 102: socket_efuns.c(1070): struct/union iovec never defined
Warning 102: socket_efuns.c(1070): struct/union protosw never defined
Warning 102: socket_efuns.c(1070): struct/union mbuf never defined
Warning 102: socket_efuns.c(1070): struct/union proc never defined
Warning 102: socket_efuns.c(1070): struct/union interactive never defined
socket_err.c:
sprintf.c:
stralloc.c:
Warning 302: stralloc.c(85): bodyless for statement
Warning  91: stralloc.c(88): possible pointer alignment problem
Warning  91: stralloc.c(153): possible pointer alignment problem
Warning  91: stralloc.c(201): possible pointer alignment problem
Warning  91: stralloc.c(240): possible pointer alignment problem
Warning 102: stralloc.c(304): struct/union program never defined
Warning 102: stralloc.c(304): struct/union function never defined
Warning 102: stralloc.c(304): struct/union fake_func never defined
Warning 102: stralloc.c(304): struct/union fake_prog never defined
Warning 102: stralloc.c(304): struct/union buffer never defined
Warning 102: stralloc.c(304): struct/union object never defined
Warning 102: stralloc.c(304): struct/union mapping never defined
strfuncs.c:
Error:strfuncs.c(56): redeclaration of strcspn
Error:strfuncs.c(57): prototype and parameter declarations are inconsistent
Error:strfuncs.c(57): prototype and parameter declarations are inconsistent
Warning  96: strfuncs.c(76): redeclaration of memset
Error:strfuncs.c(77): prototype and parameter declarations are inconsistent
Error:strfuncs.c(77): prototype and parameter declarations are inconsistent
Warning  96: strfuncs.c(86): redeclaration of memcpy
Error:strfuncs.c(87): prototype and parameter declarations are inconsistent
Error:strfuncs.c(87): prototype and parameter declarations are inconsistent
Error:strfuncs.c(87): prototype and parameter declarations are inconsistent
strstr.c:
swap.c:
Warning  91: swap.c(132): possible pointer alignment problem
Warning 302: swap.c(170): bodyless for statement
Warning  91: swap.c(270): possible pointer alignment problem
Warning  91: swap.c(272): possible pointer alignment problem
Warning  91: swap.c(274): possible pointer alignment problem
Warning  91: swap.c(276): possible pointer alignment problem
Warning  91: swap.c(279): possible pointer alignment problem
Warning  91: swap.c(281): possible pointer alignment problem
Warning  91: swap.c(306): possible pointer alignment problem
Warning  91: swap.c(308): possible pointer alignment problem
Warning  91: swap.c(310): possible pointer alignment problem
Warning  91: swap.c(312): possible pointer alignment problem
Warning  91: swap.c(315): possible pointer alignment problem
Warning  91: swap.c(317): possible pointer alignment problem
Warning 302: swap.c(484): bodyless for statement
Warning 102: swap.c(510): struct/union interactive never defined
sysmalloc.c:
trees.c:
Warning 183: lint.h(121): Previous declaration had prototype, this declaration does not
Warning 183: lint.h(133): Previous declaration had prototype, this declaration does not
Warning 183: lint.h(134): Previous declaration had prototype, this declaration does not
Warning  24: trees.c(152): constant in conditional context
Warning  24: trees.c(152): constant in conditional context
Warning  24: trees.c(152): constant in conditional context
Warning  24: trees.c(152): constant in conditional context
Warning  24: trees.c(152): constant in conditional context
Warning  24: trees.c(161): constant in conditional context
Warning  24: trees.c(161): constant in conditional context
Warning  24: trees.c(161): constant in conditional context
Warning  24: trees.c(161): constant in conditional context
Warning  24: trees.c(161): constant in conditional context
Warning  24: trees.c(171): constant in conditional context
Warning  24: trees.c(171): constant in conditional context
Warning  24: trees.c(172): constant in conditional context
Warning  24: trees.c(172): constant in conditional context
Warning 102: trees.c(231): struct/union ident_hash_elem never defined
Warning 101: trees.c(166): static variable add_to_mem_block unused
Warning 101: trees.c(167): static variable insert_in_mem_block unused
Warning 101: trees.c(168): static variable allocate_in_mem_block unused
ualarm.c:
uid.c:
Warning  91: uid.c(40): possible pointer alignment problem
wrappedmalloc.c:
Error: lint pass 1 failed on  ccode.c . Use cc to see compilation errors.
Correct the errors before running lint.
